This is e-pTeX, Version 3.14159265-p3.8.2-190908-2.6 (utf8.euc) (TeX Live 2019/Debian) (preloaded format=platex 2024.1.22)  11 FEB 2024 00:43
entering extended mode
 restricted \write18 enabled.
 %&-line parsing enabled.
**paper.
(/usr/share/texlive/texmf-dist/tex/latex/tools/x.tex
! Interruption.
<to be read again> 
                   \begingroup 
l.1 
    %%
? x
 
Here is how much of TeX's memory you used:
 8 strings out of 481768
 162 string characters out of 5933620
 236336 words of memory out of 5000000
 15522 multiletter control sequences out of 15000+600000
 536209 words of font info for 41 fonts, out of 8000000 for 9000
 929 hyphenation exceptions out of 8191
 3i,0n,1p,13b,6s stack positions out of 5000i,500n,10000p,200000b,80000s
No pages of output.
